<?xml version="1.0" encoding="UTF-8"?>
<!-- Generated by org.testng.reporters.JUnitXMLReporter -->
<testsuite ignored="0" hostname="ATEEFA02" failures="0" tests="1" name="Surefire test" time="0.049" errors="0" timestamp="2025-03-26T11:44:13 IST">
  <testcase classname="testBase.BaseClass" name="@BeforeClass setup" time="-1.742969652961E9">
    <failure type="org.testng.TestNGException" message="
Parameter &amp;apos;os&amp;apos; is required by BeforeClass on method setup but has not been marked @Optional or defined
">
      <![CDATA[org.testng.TestNGException: 
Parameter 'os' is required by BeforeClass on method setup but has not been marked @Optional or defined

at java.base/java.util.ArrayList.forEach(ArrayList.java:1597)
... Removed 27 stack frames]]>
    </failure>
  </testcase> <!-- @BeforeClass setup -->
  <testcase classname="testBase.BaseClass" name="@AfterClass shutdown" time="0.0">
    <skipped/>
  </testcase> <!-- @AfterClass shutdown -->
  <testcase classname="TestCase.RegistrationTestCase" name="registrations" time="0.001">
    <skipped/>
  </testcase> <!-- registrations -->
</testsuite> <!-- Surefire test -->
